<?xml version="1.0" encoding="UTF-8"?>
<!-- Generated by org.testng.reporters.JUnitXMLReporter -->
<testsuite ignored="0" hostname="VINYA" failures="0" tests="5" name="Test" time="100.98" errors="0" timestamp="2022-12-07T09:55:41 IST">
  <testcase classname="elftraining.KiaTest" name="kia" time="24.448"/>
  <testcase classname="elftraining.toyotaTest" name="toyota" time="25.751"/>
  <testcase classname="elftraining.HyundaiTest" name="hyundai" time="18.186"/>
  <testcase classname="elftraining.SuzukiTest" name="suzuki" time="20.788"/>
  <testcase classname="elftraining.SkodaTest" name="Skoda" time="11.712"/>
</testsuite> <!-- Test -->
