<?xml version="1.0" encoding="UTF-8"?>
<testng-results ignored="0" total="6" passed="6" failed="0" skipped="0">
  <reporter-output>
  </reporter-output>
  <suite started-at="2022-12-08T12:05:01 IST" name="cars Regression" finished-at="2022-12-08T12:06:37 IST" duration-ms="95666">
    <groups>
    </groups>
    <test started-at="2022-12-08T12:05:01 IST" name="carsTest" finished-at="2022-12-08T12:06:37 IST" duration-ms="95666">
      <class name="elftraining.toyotaTest">
        <test-method signature="toyota()[pri:0, instance:elftraining.toyotaTest@4b5d6a01]" started-at="2022-12-08T12:05:34 IST" name="toyota" finished-at="2022-12-08T12:05:50 IST" duration-ms="16532" status="PASS">
          <reporter-output>
          </reporter-output>
        </test-method> <!-- toyota -->
      </class> <!-- elftraining.toyotaTest -->
      <class name="elftraining.KiaTest">
        <test-method signature="kia()[pri:0, instance:elftraining.KiaTest@3d680b5a]" started-at="2022-12-08T12:05:02 IST" name="kia" finished-at="2022-12-08T12:05:34 IST" duration-ms="32132" status="PASS">
          <reporter-output>
          </reporter-output>
        </test-method> <!-- kia -->
      </class> <!-- elftraining.KiaTest -->
      <class name="elftraining.SuzukiTest">
        <test-method signature="suzuki()[pri:0, instance:elftraining.SuzukiTest@3c419631]" started-at="2022-12-08T12:06:04 IST" name="suzuki" finished-at="2022-12-08T12:06:17 IST" duration-ms="13006" status="PASS">
          <reporter-output>
          </reporter-output>
        </test-method> <!-- suzuki -->
      </class> <!-- elftraining.SuzukiTest -->
      <class name="elftraining.HyundaiTest">
        <test-method signature="hyundai()[pri:0, instance:elftraining.HyundaiTest@4a22f9e2]" started-at="2022-12-08T12:05:50 IST" name="hyundai" finished-at="2022-12-08T12:06:04 IST" duration-ms="13981" status="PASS">
          <reporter-output>
          </reporter-output>
        </test-method> <!-- hyundai -->
      </class> <!-- elftraining.HyundaiTest -->
      <class name="elftraining.MahindraTest">
        <test-method signature="mahindra()[pri:0, instance:elftraining.MahindraTest@418e7838]" started-at="2022-12-08T12:06:17 IST" name="mahindra" finished-at="2022-12-08T12:06:28 IST" duration-ms="11059" status="PASS">
          <reporter-output>
          </reporter-output>
        </test-method> <!-- mahindra -->
      </class> <!-- elftraining.MahindraTest -->
      <class name="elftraining.SkodaTest">
        <test-method signature="Skoda()[pri:0, instance:elftraining.SkodaTest@61230f6a]" started-at="2022-12-08T12:06:28 IST" name="Skoda" finished-at="2022-12-08T12:06:37 IST" duration-ms="8875" status="PASS">
          <reporter-output>
          </reporter-output>
        </test-method> <!-- Skoda -->
      </class> <!-- elftraining.SkodaTest -->
    </test> <!-- carsTest -->
  </suite> <!-- cars Regression -->
</testng-results>
