<?xml version="1.0" encoding="UTF-8"?>
<!-- Generated by org.testng.reporters.JUnitXMLReporter -->
<testsuite ignored="0" hostname="VINYA" failures="0" tests="6" name="carsTest" time="95.666" errors="0" timestamp="2022-12-08T12:06:38 IST">
  <testcase classname="elftraining.KiaTest" name="kia" time="32.132"/>
  <testcase classname="elftraining.toyotaTest" name="toyota" time="16.532"/>
  <testcase classname="elftraining.HyundaiTest" name="hyundai" time="13.981"/>
  <testcase classname="elftraining.SuzukiTest" name="suzuki" time="13.006"/>
  <testcase classname="elftraining.MahindraTest" name="mahindra" time="11.059"/>
  <testcase classname="elftraining.SkodaTest" name="Skoda" time="8.875"/>
</testsuite> <!-- carsTest -->
