<?xml version="1.0" encoding="UTF-8"?>
<!-- Generated by org.testng.reporters.JUnitXMLReporter -->
<testsuite ignored="0" hostname="VINYA" failures="0" tests="4" name="Test" time="74.668" errors="0" timestamp="2022-12-06T18:04:55 IST">
  <testcase classname="samplemaven_Project_ELF39_Pack.Demowebshop_LoginTest" name="TC03" time="7.297"/>
  <testcase classname="samplemaven_Project_ELF39_Pack.MavenDemoTest" name="Demo" time="0.013"/>
  <testcase classname="samplemaven_Project_ELF39_Pack.Demowebshop_RegisterTest" name="Tc02" time="2.641"/>
  <testcase classname="samplemaven_Project_ELF39_Pack.Demowebshop_SearchTest" name="TC01" time="1.243"/>
</testsuite> <!-- Test -->
